<?xml version="1.0" encoding="UTF-8"?>
<!-- Generated by org.testng.reporters.JUnitReportReporter -->
<testsuite skipped="0" hostname="P5-H80MX52" name="com.crm.qa.testcases.ContactsPageTest" tests="6" failures="0" timestamp="2019-12-12T12:20:47 IST" time="290.781" errors="0">
  <testcase name="verifycontactsLabel" time="41.931" classname="com.crm.qa.testcases.ContactsPageTest"/>
  <testcase name="validateCreateContact" time="46.604" classname="com.crm.qa.testcases.ContactsPageTest"/>
  <testcase name="validateCreateContact" time="45.225" classname="com.crm.qa.testcases.ContactsPageTest"/>
  <testcase name="validateCreateContact" time="64.231" classname="com.crm.qa.testcases.ContactsPageTest"/>
  <testcase name="validateCreateContact" time="47.058" classname="com.crm.qa.testcases.ContactsPageTest"/>
  <testcase name="validateCreateContact" time="45.732" classname="com.crm.qa.testcases.ContactsPageTest"/>
</testsuite> <!-- com.crm.qa.testcases.ContactsPageTest -->
