<?xml version="1.0" encoding="UTF-8"?>
<!-- Generated by org.testng.reporters.JUnitReportReporter -->
<testsuite skipped="0" hostname="P5-H80MX52" name="com.crm.qa.testcases.LoginPageTest" tests="2" failures="0" timestamp="2019-12-12T12:20:47 IST" time="75.426" errors="0">
  <testcase name="loginTest" time="43.829" classname="com.crm.qa.testcases.LoginPageTest"/>
  <testcase name="loginPageTitleTest" time="31.597" classname="com.crm.qa.testcases.LoginPageTest"/>
</testsuite> <!-- com.crm.qa.testcases.LoginPageTest -->
