<?xml version="1.0" encoding="UTF-8"?>
<!-- Generated by org.testng.reporters.JUnitReportReporter -->
<testsuite skipped="0" hostname="P5-H80MX52" name="com.crm.qa.testcases.HomePageTest" tests="3" failures="0" timestamp="2019-12-12T12:20:47 IST" time="138.040" errors="0">
  <testcase name="verifyhomepageTitleTest" time="44.527" classname="com.crm.qa.testcases.HomePageTest"/>
  <testcase name="verifyUnameLabel" time="44.427" classname="com.crm.qa.testcases.HomePageTest"/>
  <testcase name="verifycontactsLinkTest" time="49.086" classname="com.crm.qa.testcases.HomePageTest"/>
</testsuite> <!-- com.crm.qa.testcases.HomePageTest -->
